<?xml version="1.0" encoding="UTF-8"?>
<!-- Generated by org.testng.reporters.JUnitReportReporter -->
<testsuite hostname="DESKTOP-J0A5UGV" failures="0" tests="2" name="com.Swaglabs.TestCase.CheckoutTest" time="2.832" errors="0" timestamp="2023-12-28T18:17:17 IST" skipped="0">
  <testcase classname="com.Swaglabs.TestCase.CheckoutTest" name="verifyCancell" time="2.254"/>
  <system-out/>
  <testcase classname="com.Swaglabs.TestCase.CheckoutTest" name="verifyContinue" time="0.578"/>
  <system-out/>
</testsuite> <!-- com.Swaglabs.TestCase.CheckoutTest -->
