<?xml version="1.0" encoding="UTF-8"?>
<!-- Generated by org.testng.reporters.JUnitReportReporter -->
<testsuite hostname="DESKTOP-J0A5UGV" failures="0" tests="3" name="com.Swaglabs.TestCase.LoginPageTest" time="0.381" errors="0" timestamp="2023-12-28T13:01:25 IST" skipped="0">
  <testcase classname="com.Swaglabs.TestCase.LoginPageTest" name="verifyUrl" time="0.023"/>
  <system-out/>
  <testcase classname="com.Swaglabs.TestCase.LoginPageTest" name="verifyTitle" time="0.013"/>
  <system-out/>
  <testcase classname="com.Swaglabs.TestCase.LoginPageTest" name="verifyLogin" time="0.345"/>
  <system-out/>
</testsuite> <!-- com.Swaglabs.TestCase.LoginPageTest -->
