<?xml version="1.0" encoding="UTF-8"?>
<!-- Generated by org.testng.reporters.JUnitReportReporter -->
<testsuite hostname="DESKTOP-J0A5UGV" failures="0" tests="2" name="com.Swaglabs.TestCase.OverViewTest" time="0.368" errors="0" timestamp="2024-01-06T07:35:57 IST" skipped="0">
  <testcase classname="com.Swaglabs.TestCase.OverViewTest" name="verifySummary" time="0.220"/>
  <system-out/>
  <testcase classname="com.Swaglabs.TestCase.OverViewTest" name="finish" time="0.148"/>
  <system-out/>
</testsuite> <!-- com.Swaglabs.TestCase.OverViewTest -->
