<?xml version="1.0" encoding="UTF-8"?>
<!-- Generated by org.testng.reporters.JUnitReportReporter -->
<testsuite hostname="DESKTOP-J0A5UGV" failures="0" tests="3" name="com.Swaglabs.TestCase.CartPageTest" time="8.611" errors="0" timestamp="2023-12-28T16:04:06 IST" skipped="0">
  <testcase classname="com.Swaglabs.TestCase.CartPageTest" name="verifyRemove" time="2.066"/>
  <system-out/>
  <testcase classname="com.Swaglabs.TestCase.CartPageTest" name="verifyContinueShoping" time="4.421"/>
  <system-out/>
  <testcase classname="com.Swaglabs.TestCase.CartPageTest" name="verifyCheckout" time="2.124"/>
  <system-out/>
</testsuite> <!-- com.Swaglabs.TestCase.CartPageTest -->
