<?xml version="1.0" encoding="UTF-8"?>
<!-- Generated by org.testng.reporters.JUnitReportReporter -->
<testsuite hostname="DESKTOP-J0A5UGV" failures="0" tests="3" name="com.Swaglabs.TestCase.InventoryPageTest" time="0.319" errors="0" timestamp="2023-12-28T14:25:35 IST" skipped="0">
  <testcase classname="com.Swaglabs.TestCase.InventoryPageTest" name="verifyProdCount" time="0.044"/>
  <system-out/>
  <testcase classname="com.Swaglabs.TestCase.InventoryPageTest" name="verifyProdName" time="0.121"/>
  <system-out/>
  <testcase classname="com.Swaglabs.TestCase.InventoryPageTest" name="verifyAddtoCart" time="0.154"/>
  <system-out/>
</testsuite> <!-- com.Swaglabs.TestCase.InventoryPageTest -->
